<?xml version="1.0" encoding="UTF-8"?>
<!-- Generated by org.testng.reporters.JUnitXMLReporter -->
<testsuite hostname="DESKTOP-2DR0QON" ignored="0" name="Test" tests="6" failures="0" timestamp="03 Dec 2019 07:17:23 GMT" time="22.59" errors="0">
  <testcase name="createsource" time="0.354" classname="Practise_selenium.Facebook_Login_page"/>
  <testcase name="datepicker" time="1.294" classname="Practise_selenium.Facebook_Login_page"/>
  <testcase name="gender" time="0.109" classname="Practise_selenium.Facebook_Login_page"/>
  <testcase name="mobileenr" time="0.155" classname="Practise_selenium.Facebook_Login_page"/>
  <testcase name="password" time="0.138" classname="Practise_selenium.Facebook_Login_page"/>
  <testcase name="submitbutton" time="0.106" classname="Practise_selenium.Facebook_Login_page"/>
</testsuite> <!-- Test -->
